<?xml version="1.0" encoding="UTF-8"?>
<!-- Generated by org.testng.reporters.JUnitXMLReporter -->
<testsuite ignored="0" hostname="MAC023-MINI.local" failures="0" tests="1" name="Command line test" time="0.072" errors="0" timestamp="03 Jun 2019 09:48:29 GMT">
  <testcase classname="firstTest" name="@BeforeClass firstTestSetup" time="0.059">
    <failure type="java.lang.IllegalStateException" message="The path to the driver executable must be set by the webdriver.chrome.driver system property; for more information, see https://github.com/SeleniumHQ/selenium/wiki/ChromeDriver. The latest version can be downloaded from http://chromedriver.storage.googleapis.com/index.html">
      <![CDATA[java.lang.IllegalStateException: The path to the driver executable must be set by the webdriver.chrome.driver system property; for more information, see https://github.com/SeleniumHQ/selenium/wiki/ChromeDriver. The latest version can be downloaded from http://chromedriver.storage.googleapis.com/index.html
at com.google.common.base.Preconditions.checkState(Preconditions.java:847)
at org.openqa.selenium.remote.service.DriverService.findExecutable(DriverService.java:134)
at org.openqa.selenium.chrome.ChromeDriverService.access$000(ChromeDriverService.java:35)
at org.openqa.selenium.chrome.ChromeDriverService$Builder.findDefaultExecutable(ChromeDriverService.java:159)
at org.openqa.selenium.remote.service.DriverService$Builder.build(DriverService.java:355)
at org.openqa.selenium.chrome.ChromeDriverService.createDefaultService(ChromeDriverService.java:94)
at org.openqa.selenium.chrome.ChromeDriver.<init>(ChromeDriver.java:123)
at infrastructure.Context.getChromeDriver(Context.java:18)
at firstTest.firstTestSetup(firstTest.java:15)
... Removed 35 stack frames]]>
    </failure>
  </testcase> <!-- @BeforeClass firstTestSetup -->
  <testcase classname="firstTest" name="firstTestStepsPartOne" time="0.0">
    <skipped/>
  </testcase> <!-- firstTestStepsPartOne -->
</testsuite> <!-- Command line test -->
